2022-02-18 20:17:54,312 - model_file_loggers - INFO: --------------------------Data loader information--------------------------
2022-02-18 20:18:26,120 - model_file_loggers - INFO: --------------------------Data loader information--------------------------
2022-02-18 20:18:26,965 - model_file_loggers - INFO: Dataset length: 50000
2022-02-18 20:18:26,965 - model_file_loggers - INFO: Batch size: 64
2022-02-18 20:18:26,965 - model_file_loggers - INFO: Shuffle: True
2022-02-18 20:18:26,965 - model_file_loggers - INFO: Num workers: 1
2022-02-18 20:18:27,688 - model_file_loggers - INFO: Dataset length: 10000
2022-02-18 20:18:27,688 - model_file_loggers - INFO: Batch size: 64
2022-02-18 20:18:27,688 - model_file_loggers - INFO: Shuffle: True
2022-02-18 20:18:27,688 - model_file_loggers - INFO: Num workers: 1
2022-02-18 20:38:01,778 - model_file_loggers - INFO: --------------------------Data loader information--------------------------
2022-02-18 20:38:27,025 - model_file_loggers - INFO: Dataset length: 50000
2022-02-18 20:38:27,025 - model_file_loggers - INFO: Batch size: 64
2022-02-18 20:38:27,025 - model_file_loggers - INFO: Shuffle: True
2022-02-18 20:38:27,025 - model_file_loggers - INFO: Num workers: 1
2022-02-18 20:38:50,336 - model_file_loggers - INFO: Dataset length: 10000
2022-02-18 20:38:50,336 - model_file_loggers - INFO: Batch size: 64
2022-02-18 20:38:50,336 - model_file_loggers - INFO: Shuffle: True
2022-02-18 20:38:50,336 - model_file_loggers - INFO: Num workers: 1
2022-02-18 20:40:41,506 - model_file_loggers - INFO: --------------------------Data loader information--------------------------
2022-02-18 20:40:42,681 - model_file_loggers - INFO: Dataset length: 50000
2022-02-18 20:40:42,681 - model_file_loggers - INFO: Batch size: 64
2022-02-18 20:40:42,681 - model_file_loggers - INFO: Shuffle: True
2022-02-18 20:40:42,681 - model_file_loggers - INFO: Num workers: 1
2022-02-18 20:40:43,711 - model_file_loggers - INFO: Dataset length: 10000
2022-02-18 20:40:43,711 - model_file_loggers - INFO: Batch size: 64
2022-02-18 20:40:43,711 - model_file_loggers - INFO: Shuffle: True
2022-02-18 20:40:43,711 - model_file_loggers - INFO: Num workers: 1
