
2022-02-07 19:50:29,291 - train_file_loggers - INFO:  Epoch 0 begin
2022-02-07 19:50:34,418 - train_file_loggers - INFO: Train 100: loss:1.6165269613265991
2022-02-07 19:50:35,880 - train_file_loggers - INFO: Train 200: loss:1.477909803390503
2022-02-07 19:50:37,381 - train_file_loggers - INFO: Train 300: loss:1.2076084613800049
2022-02-07 19:50:38,869 - train_file_loggers - INFO: Train 400: loss:0.9739450216293335
2022-02-07 19:50:40,419 - train_file_loggers - INFO: Train 500: loss:1.102683186531067
2022-02-07 19:50:41,926 - train_file_loggers - INFO: Train 600: loss:1.0534007549285889
2022-02-07 19:50:43,368 - train_file_loggers - INFO: Train 700: loss:0.9498531818389893
2022-02-07 19:50:47,747 - train_file_loggers - INFO: Epoch0:--------loss:1035.3934326171875, test loss:171.06882625818253, accuracy:0.6515
2022-02-07 19:52:38,806 - train_file_loggers - INFO:  Epoch 0 begin
2022-02-07 19:52:43,752 - train_file_loggers - INFO: Train 100: loss:1.5927668809890747
2022-02-07 19:52:45,192 - train_file_loggers - INFO: Train 200: loss:1.2979390621185303
2022-02-07 19:52:46,678 - train_file_loggers - INFO: Train 300: loss:1.2331994771957397
2022-02-07 19:52:48,139 - train_file_loggers - INFO: Train 400: loss:1.1598880290985107
2022-02-07 19:52:49,626 - train_file_loggers - INFO: Train 500: loss:0.9916561245918274
2022-02-07 19:52:51,142 - train_file_loggers - INFO: Train 600: loss:1.264341950416565
2022-02-07 19:52:52,694 - train_file_loggers - INFO: Train 700: loss:1.1494743824005127
2022-02-07 19:52:57,233 - train_file_loggers - INFO: Epoch0:--------loss:1059.2041015625, test loss:174.55155563354492, accuracy:0.6465
2022-02-07 19:52:57,253 - train_file_loggers - INFO: ---------------- Model has been saved to "model/saved_model/",epoch 100 ----------------
2022-02-07 19:52:57,253 - train_file_loggers - INFO:  Epoch 1 begin
2022-02-07 19:53:00,627 - train_file_loggers - INFO: Train 100: loss:0.9817643165588379
2022-02-07 19:53:02,114 - train_file_loggers - INFO: Train 200: loss:1.1353604793548584
2022-02-07 19:53:03,595 - train_file_loggers - INFO: Train 300: loss:0.8646842241287231
2022-02-07 19:53:05,086 - train_file_loggers - INFO: Train 400: loss:0.9420103430747986
2022-02-07 19:53:06,622 - train_file_loggers - INFO: Train 500: loss:0.8801955580711365
2022-02-07 19:53:08,094 - train_file_loggers - INFO: Train 600: loss:0.7582098245620728
2022-02-07 19:53:09,571 - train_file_loggers - INFO: Train 700: loss:0.8976028561592102
2022-02-07 19:53:14,078 - train_file_loggers - INFO: Epoch1:--------loss:762.27734375, test loss:145.1851503252983, accuracy:0.6992
2022-02-07 19:53:14,090 - train_file_loggers - INFO: ---------------- Model has been saved to "model/saved_model/",epoch 100 ----------------
2022-02-07 19:53:14,090 - train_file_loggers - INFO:  Epoch 2 begin
2022-02-07 19:53:17,430 - train_file_loggers - INFO: Train 100: loss:0.9544079303741455
2022-02-07 19:53:18,877 - train_file_loggers - INFO: Train 200: loss:0.9813340306282043
2022-02-07 19:53:20,513 - train_file_loggers - INFO: Train 300: loss:0.6535972952842712
2022-02-07 19:53:21,948 - train_file_loggers - INFO: Train 400: loss:0.8566426038742065
2022-02-07 19:53:23,473 - train_file_loggers - INFO: Train 500: loss:0.8853821754455566
2022-02-07 19:53:25,038 - train_file_loggers - INFO: Train 600: loss:0.7641016244888306
2022-02-07 19:53:26,637 - train_file_loggers - INFO: Train 700: loss:0.49268317222595215
2022-02-07 19:53:31,114 - train_file_loggers - INFO: Epoch2:--------loss:631.5560913085938, test loss:125.48915857076645, accuracy:0.7398
2022-02-07 19:53:31,124 - train_file_loggers - INFO: ---------------- Model has been saved to "model/saved_model/",epoch 100 ----------------
2022-02-07 19:53:31,124 - train_file_loggers - INFO:  Epoch 3 begin
2022-02-07 19:55:33,793 - train_file_loggers - INFO:  Epoch 0 begin
2022-02-07 19:55:38,622 - train_file_loggers - INFO: Train 100: loss:1.475656509399414
2022-02-07 19:55:40,109 - train_file_loggers - INFO: Train 200: loss:1.4070721864700317
2022-02-07 19:55:41,605 - train_file_loggers - INFO: Train 300: loss:1.5132794380187988
2022-02-07 19:55:43,103 - train_file_loggers - INFO: Train 400: loss:1.0965830087661743
2022-02-07 19:55:44,529 - train_file_loggers - INFO: Train 500: loss:1.1453951597213745
2022-02-07 19:55:45,948 - train_file_loggers - INFO: Train 600: loss:1.2519451379776
2022-02-07 19:55:47,432 - train_file_loggers - INFO: Train 700: loss:1.27580988407135
2022-02-07 19:55:51,854 - train_file_loggers - INFO: Epoch0:--------loss:1059.646728515625, test loss:174.66047650575638, accuracy:0.6418
2022-02-07 19:55:51,874 - train_file_loggers - INFO: ---------------- Model has been saved to "model/saved_model/model_state_dict_0.pkl",epoch 0 ----------------
2022-02-07 19:55:51,874 - train_file_loggers - INFO:  Epoch 1 begin
2022-02-07 19:55:55,151 - train_file_loggers - INFO: Train 100: loss:1.066710114479065
2022-02-07 19:55:56,630 - train_file_loggers - INFO: Train 200: loss:0.9813796877861023
2022-02-07 19:55:58,114 - train_file_loggers - INFO: Train 300: loss:0.9689560532569885
2022-02-07 19:55:59,543 - train_file_loggers - INFO: Train 400: loss:1.0592070817947388
2022-02-07 19:56:01,035 - train_file_loggers - INFO: Train 500: loss:1.120532512664795
2022-02-07 19:56:02,511 - train_file_loggers - INFO: Train 600: loss:0.9225343465805054
2022-02-07 19:56:03,936 - train_file_loggers - INFO: Train 700: loss:0.7442354559898376
2022-02-07 19:56:08,345 - train_file_loggers - INFO: Epoch1:--------loss:757.4027709960938, test loss:147.8246681690216, accuracy:0.6908
2022-02-07 19:56:08,355 - train_file_loggers - INFO: ---------------- Model has been saved to "model/saved_model/model_state_dict_1.pkl",epoch 1 ----------------
2022-02-07 19:56:08,355 - train_file_loggers - INFO:  Epoch 2 begin
2022-02-07 19:56:11,666 - train_file_loggers - INFO: Train 100: loss:0.8268216848373413
2022-02-07 19:56:13,142 - train_file_loggers - INFO: Train 200: loss:0.7912508845329285
